DataError(1406, "Data too long for column 'workcontent' at row 1")
DataError(1406, "Data too long for column 'workcontent' at row 1")
DataError(1406, "Data too long for column 'workcontent' at row 1")
InternalError(1366, "Incorrect string value: '\\xF0\\x9F\\x91\\x8F\\x0A' for column 'workcontent' at row 1")
ProgrammingError(1064, 'You have an error in your SQL syntax; check the manual that corresponds to your MySQL server version for the right syntax to use near \'PaaS架构师  "","新华三技术有限公司","成都","1000-9999人","本科"\' at line 1')
ProgrammingError(1064, "You have an error in your SQL syntax; check the manual that corresponds to your MySQL server version for the right syntax to use near '1、OneNET大数据平台工具开发；2、OneNET大数据平台应用开发。' at line 1")
ProgrammingError(1064, "You have an error in your SQL syntax; check the manual that corresponds to your MySQL server version for the right syntax to use near '1、负责算法框架的搭建与测试；2、利用自然语言处理技术和' at line 1")
DataError(1406, "Data too long for column 'workcontent' at row 1")
ProgrammingError(1064, 'You have an error in your SQL syntax; check the manual that corresponds to your MySQL server version for the right syntax to use near \'1、OneNET大数据平台工具开发2、OneNET大数据平台应用开发"任\' at line 1')
DataError(1406, "Data too long for column 'workcontent' at row 1")
DataError(1406, "Data too long for column 'workcontent' at row 1")
DataError(1406, "Data too long for column 'workcontent' at row 1")
ProgrammingError(1064, 'You have an error in your SQL syntax; check the manual that corresponds to your MySQL server version for the right syntax to use near \'任职要求:"1、计算机及相关专业,本科及以上学历；2、了解主\' at line 1')
ProgrammingError(1064, "You have an error in your SQL syntax; check the manual that corresponds to your MySQL server version for the right syntax to use near '\xa0职位要求：1.6年以上业务分析及测试相关经验2.较强的设计' at line 1")
ProgrammingError(1064, "You have an error in your SQL syntax; check the manual that corresponds to your MySQL server version for the right syntax to use near '5、在实践中充分理解数据挖掘CRISP理论和流程，它是一切数' at line 1")
DataError(1406, "Data too long for column 'workcontent' at row 1")
ProgrammingError(1064, "You have an error in your SQL syntax; check the manual that corresponds to your MySQL server version for the right syntax to use near '四川知行志成科技有限公司（Actwill Tech Co., Ltd.）成立于2016年' at line 1")
DataError(1406, "Data too long for column 'workcontent' at row 1")
DataError(1406, "Data too long for column 'workcontent' at row 1")
ProgrammingError(1064, "You have an error in your SQL syntax; check the manual that corresponds to your MySQL server version for the right syntax to use near '四川知行志成科技有限公司（Actwill Tech Co., Ltd.）成立于2016年' at line 1")
